<?xml version="1.0" encoding="UTF-8"?>
<!-- Generated by org.testng.reporters.JUnitReportReporter -->
<testsuite hostname="YourName" failures="0" tests="7" name="com.automation.test.MainTest" time="16.377" errors="0" timestamp="2021-12-14T22:52:07 IST" skipped="0">
  <testcase classname="com.automation.test.MainTest" name="googleSearch" time="10.800"/>
  <system-out/>
  <testcase classname="com.automation.test.MainTest" name="verifyStadiumText" time="0.037"/>
  <system-out/>
  <testcase classname="com.automation.test.MainTest" name="verifyTitle" time="0.006"/>
  <system-out/>
  <testcase classname="com.automation.test.MainTest" name="printTest" time="0.045"/>
  <system-out/>
  <testcase classname="com.automation.test.MainTest" name="verifyLink" time="0.030"/>
  <system-out/>
  <testcase classname="com.automation.test.MainTest" name="printAdressTest" time="0.023"/>
  <system-out/>
  <testcase classname="com.automation.test.MainTest" name="verifyPhone" time="5.436"/>
  <system-out/>
</testsuite> <!-- com.automation.test.MainTest -->
