<?xml version="1.0" encoding="UTF-8"?>
<!-- Generated by org.testng.reporters.JUnitReportReporter -->
<testsuite hostname="YourName" failures="0" tests="5" name="com.automation.test.MainTest" time="16.128" errors="0" timestamp="2021-12-01T00:34:50 IST" skipped="0">
  <testcase classname="com.automation.test.MainTest" name="googleSearch" time="10.652"/>
  <system-out/>
  <testcase classname="com.automation.test.MainTest" name="verifyStadiumText" time="0.039"/>
  <system-out/>
  <testcase classname="com.automation.test.MainTest" name="verifyTitle" time="0.006"/>
  <system-out/>
  <testcase classname="com.automation.test.MainTest" name="verifyLink" time="0.031"/>
  <system-out/>
  <testcase classname="com.automation.test.MainTest" name="verifyPhone" time="5.400"/>
  <system-out/>
</testsuite> <!-- com.automation.test.MainTest -->
