<?xml version="1.0" encoding="UTF-8"?>
<!-- Generated by org.testng.reporters.JUnitReportReporter -->
<testsuite hostname="YourName" failures="0" tests="1" name="com.automation.test.MainTest" time="10.818" errors="0" timestamp="2021-11-30T00:34:07 IST" skipped="0">
  <testcase classname="com.automation.test.MainTest" name="googleSearch" time="10.818"/>
  <system-out/>
</testsuite> <!-- com.automation.test.MainTest -->
