<?xml version="1.0" encoding="UTF-8"?>
<!-- Generated by org.testng.reporters.JUnitReportReporter -->
<testsuite hostname="YourName" failures="0" tests="7" name="com.automation.test.MainTest" time="16.319" errors="0" timestamp="2021-12-01T11:18:51 IST" skipped="0">
  <testcase classname="com.automation.test.MainTest" name="googleSearch" time="10.760"/>
  <system-out/>
  <testcase classname="com.automation.test.MainTest" name="verifyStadiumText" time="0.039"/>
  <system-out/>
  <testcase classname="com.automation.test.MainTest" name="verifyTitle" time="0.008"/>
  <system-out/>
  <testcase classname="com.automation.test.MainTest" name="printTest" time="0.061"/>
  <system-out/>
  <testcase classname="com.automation.test.MainTest" name="verifyLink" time="0.031"/>
  <system-out/>
  <testcase classname="com.automation.test.MainTest" name="printAdressTest" time="0.024"/>
  <system-out/>
  <testcase classname="com.automation.test.MainTest" name="verifyPhone" time="5.396"/>
  <system-out/>
</testsuite> <!-- com.automation.test.MainTest -->
